Arguments: 
  C:\Program Files\nodejs\node.exe C:\Users\gueni\AppData\Roaming\npm\node_modules\yarn\bin\yarn.js add hooperheroku run rake db:migrate

PATH: 
  E:\ASIS\CILG\VUE-APP\Back-end\venv\Scripts;C:\Cmder\vendor\conemu-maximus5\ConEmu\Scripts;C:\Cmder\vendor\conemu-maximus5;C:\Cmder\vendor\conemu-maximus5\ConEmu;C:\app\gueni\product\21c\dbhomeXE\bin;D:\app\gueni\product\21c\dbhomeXE\bin;C:\Windows\system32;C:\Windows;C:\Windows\System32\Wbem;C:\Windows\System32\WindowsPowerShell\v1.0\;C:\Windows\System32\OpenSSH\;C:\Program Files\Git\cmd;C:\MinGW\bin;C:\Program Files\dotnet\;C:\ProgramData\ComposerSetup\bin;C:\Program Files (x86)\DevDesktop\tools;C:\Program Files (x86)\DevDesktop\drush_10;C:\Program Files\nodejs\;C:\Program Files\MySQL\MySQL Shell 8.0\bin\;C:\Users\gueni\AppData\Local\Programs\Python\Python39\Scripts\;C:\Users\gueni\AppData\Local\Programs\Python\Python39\;C:\Users\gueni\AppData\Local\Microsoft\WindowsApps;C:\MinGW\bin;C:\Users\gueni\AppData\Local\Programs\Microsoft VS Code\bin;C:\Users\gueni\.dotnet\tools;C:\php-8.0.12-nts-Win32-vs16-x64;C:\Users\gueni\AppData\Roaming\Composer\vendor\bin;C:\Program Files\heroku\bin;C:\Users\gueni\AppData\Roaming\npm;C:\Program Files\Git\mingw64\bin;C:\Program Files\Git\usr\bin;C:\Cmder\vendor\bin;C:\Cmder

Yarn version: 
  1.22.11

Node version: 
  16.13.1

Platform: 
  win32 x64

Trace: 
  Error: https://registry.yarnpkg.com/hooperheroku: Not found
      at Request.params.callback [as _callback] (C:\Users\gueni\AppData\Roaming\npm\node_modules\yarn\lib\cli.js:66992:18)
      at Request.self.callback (C:\Users\gueni\AppData\Roaming\npm\node_modules\yarn\lib\cli.js:140763:22)
      at Request.emit (node:events:390:28)
      at Request.<anonymous> (C:\Users\gueni\AppData\Roaming\npm\node_modules\yarn\lib\cli.js:141735:10)
      at Request.emit (node:events:390:28)
      at IncomingMessage.<anonymous> (C:\Users\gueni\AppData\Roaming\npm\node_modules\yarn\lib\cli.js:141657:12)
      at Object.onceWrapper (node:events:509:28)
      at IncomingMessage.emit (node:events:402:35)
      at endReadableNT (node:internal/streams/readable:1343:12)
      at processTicksAndRejections (node:internal/process/task_queues:83:21)

npm manifest: 
  No manifest

yarn manifest: 
  No manifest

Lockfile: 
  No lockfile
